\o Program:		@(#)$CDS: cdsLibEditor version 6.1.6 - CAT33 07/09/2015 16:05 (sjfnl733) $
\o Sub version:		sub-version  s018 
\o Arguments:		-display localhost:13.0 -mpssession virtuoso8919 -mpshost xunil-03.coe.drexel.edu -namespace CDBA -cdslib /home/DREXEL/rm885/NCSU_FreePDK45/cds.lib 
\o Working Directory:	xunil-03.coe.drexel.edu:/home/DREXEL/rm885/NCSU_FreePDK45
\o 64-bit offsets
\a nrSetWindowVisibility(cdsLibEditor "show")
\o Qt version: 		4.7.2
\a nrSetCurrentWindow(cdsLibEditor)
\a nrListItemAction(cdsLibEditor->mainTable 0 0)
\o Active cell: 0 0 "analogLib"
\a nrResizeWindow(cdsLibEditor list(34 57 500 400))
\a nrListItemAction(cdsLibEditor->mainTable 8 1)
\o Active cell: 8 1 "/home/DREXEL/rm885/IBM_CMOS7RF/ECEC471_Lib"
\o QUESTION (CLE-200): The directory "/home/DREXEL/rm885/NCS/ECEC471_Lib" \ndoesn't exist. If other tools use this file, \nan error will occur unless you either create \nthe directory you have specified or change the \npath to an existing directory. \n\nDo you want to create a new library? 
\a nrSetWindowVisibility(needCreateDialog "show")
\a nrSetCurrentWindow(needCreateDialog)
\a nrResizeWindow(needCreateDialog list(101 152 362 193))
\a needCreateDialog->cancelButton->value = t
\a nrSetCurrentWindow(cdsLibEditor)
\o QUESTION (CLE-200): The directory "/home/DREXEL/rm885/NCSU_FreePDK45/ECEC471_Lib" \ndoesn't exist. If other tools use this file, \nan error will occur unless you either create \nthe directory you have specified or change the \npath to an existing directory. \n\nDo you want to create a new library? 
\a nrSetWindowVisibility(needCreateDialog "show")
\a nrSetCurrentWindow(needCreateDialog)
\a nrResizeWindow(needCreateDialog list(63 147 438 203))
\a needCreateDialog->cancelButton->value = t
\a nrListItemAction(cdsLibEditor->mainTable 9 0)
\o Active cell: 9 0 "avTech"
\a nrSetCurrentWindow(cdsLibEditor)
\a nrListItemAction(cdsLibEditor->mainTable 8 1)
\o Active cell: 8 1 "/home/DREXEL/rm885/NCSU_FreePDK45/ECEC471_Lib"
\a nrSetCurrentWindow(cdsLibEditor)
\a nrListItemAction(cdsLibEditor->mainTable 9 0)
\o Active cell: 9 0 "avTech"
\a cdsLibEditor->fileExitButton->value = t
\o QUESTION (CLE-205): You have made changes which have not been saved. \n\nWould you like to save your changes? 
\a nrSetWindowVisibility(needSaveDialog "show")
\a nrSetCurrentWindow(needSaveDialog)
\a nrResizeWindow(needSaveDialog list(93 177 379 143))
\a needSaveDialog->yesButton->value = t
\a nrSetWindowVisibility(cdsLibEditor "hide")
\a exit(0)
